<?xml version="1.0" encoding="UTF-8"?>
<!-- Generated by org.testng.reporters.JUnitXMLReporter -->
<testsuite hostname="LAPTOP-FUF7KNFT" ignored="0" name="Default test" tests="3" failures="0" timestamp="2021-08-21T12:34:29 EDT" time="5.609" errors="0">
  <testcase name="openBing" time="0.358" classname="testNG.ExtentReport"/>
  <testcase name="openGoogle" time="1.219" classname="testNG.ExtentReport"/>
  <testcase name="openWikipiedia" time="4.002" classname="testNG.ExtentReport"/>
</testsuite> <!-- Default test -->
